[PREINITIALIZATION][CLIENT][INFO] Current loaders after merging: [[preinit]]
[PREINITIALIZATION][CLIENT][INFO] Loading scripts for loader with names [preinit]
[PREINITIALIZATION][CLIENT][INFO] [preinit | SIDE_CLIENT]: Skipping file {[999:crafttweaker]: globals.zs} as we are currently loading with a different loader
[PREINITIALIZATION][CLIENT][INFO] [preinit | SIDE_CLIENT]: Skipping file {[0:crafttweaker]: aquaculture.zs} as we are currently loading with a different loader
[PREINITIALIZATION][CLIENT][INFO] [preinit | SIDE_CLIENT]: Skipping file {[0:crafttweaker]: artisanworktables.zs} as we are currently loading with a different loader
[PREINITIALIZATION][CLIENT][INFO] [preinit | SIDE_CLIENT]: Skipping file {[0:crafttweaker]: baskets.zs} as we are currently loading with a different loader
[PREINITIALIZATION][CLIENT][INFO] [preinit | SIDE_CLIENT]: Skipping file {[0:crafttweaker]: betterwithmods.zs} as we are currently loading with a different loader
[PREINITIALIZATION][CLIENT][INFO] [preinit | SIDE_CLIENT]: Skipping file {[0:crafttweaker]: bibliocraft.zs} as we are currently loading with a different loader
[PREINITIALIZATION][CLIENT][INFO] [preinit | SIDE_CLIENT]: Skipping file {[0:crafttweaker]: charcoalpit.zs} as we are currently loading with a different loader
[PREINITIALIZATION][CLIENT][INFO] [preinit | SIDE_CLIENT]: Skipping file {[0:contenttweaker]: contenttweaker.zs} as we are currently loading with a different loader
[PREINITIALIZATION][CLIENT][INFO] [preinit | SIDE_CLIENT]: Skipping file {[0:crafttweaker]: cuisine.zs} as we are currently loading with a different loader
[PREINITIALIZATION][CLIENT][INFO] [preinit | SIDE_CLIENT]: Skipping file {[0:crafttweaker]: gameplay.zs} as we are currently loading with a different loader
[PREINITIALIZATION][CLIENT][INFO] [preinit | SIDE_CLIENT]: Skipping file {[0:crafttweaker]: gamestages.zs} as we are currently loading with a different loader
[PREINITIALIZATION][CLIENT][INFO] [preinit | SIDE_CLIENT]: Skipping file {[0:crafttweaker]: horsepower.zs} as we are currently loading with a different loader
[PREINITIALIZATION][CLIENT][INFO] [preinit | SIDE_CLIENT]: Skipping file {[0:crafttweaker]: jei.zs} as we are currently loading with a different loader
[PREINITIALIZATION][CLIENT][INFO] [preinit | SIDE_CLIENT]: Skipping file {[0:crafttweaker]: rustic.zs} as we are currently loading with a different loader
[PREINITIALIZATION][CLIENT][INFO] [preinit | SIDE_CLIENT]: Skipping file {[0:crafttweaker]: soulus.zs} as we are currently loading with a different loader
[PREINITIALIZATION][CLIENT][INFO] [preinit | SIDE_CLIENT]: Skipping file {[0:crafttweaker]: thaumcraft.zs} as we are currently loading with a different loader
[PREINITIALIZATION][CLIENT][INFO] [preinit | SIDE_CLIENT]: Skipping file {[0:crafttweaker]: thebetweenlands.zs} as we are currently loading with a different loader
[PREINITIALIZATION][CLIENT][INFO] [preinit | SIDE_CLIENT]: Skipping file {[0:crafttweaker]: tinkersforging.zs} as we are currently loading with a different loader
[PREINITIALIZATION][CLIENT][INFO] [preinit | SIDE_CLIENT]: Skipping file {[0:crafttweaker]: toughasnails.zs} as we are currently loading with a different loader
[PREINITIALIZATION][CLIENT][INFO] Completed script loading in: 4ms
[PREINITIALIZATION][CLIENT][INFO] Current loaders after merging: [[preinit], [contenttweaker]]
[PREINITIALIZATION][CLIENT][INFO] Loading scripts for loader with names [contenttweaker]
[PREINITIALIZATION][CLIENT][INFO] [contenttweaker | SIDE_CLIENT]: Skipping file {[999:crafttweaker]: globals.zs} as we are currently loading with a different loader
[PREINITIALIZATION][CLIENT][INFO] [contenttweaker | SIDE_CLIENT]: Skipping file {[0:crafttweaker]: aquaculture.zs} as we are currently loading with a different loader
[PREINITIALIZATION][CLIENT][INFO] [contenttweaker | SIDE_CLIENT]: Skipping file {[0:crafttweaker]: artisanworktables.zs} as we are currently loading with a different loader
[PREINITIALIZATION][CLIENT][INFO] [contenttweaker | SIDE_CLIENT]: Skipping file {[0:crafttweaker]: baskets.zs} as we are currently loading with a different loader
[PREINITIALIZATION][CLIENT][INFO] [contenttweaker | SIDE_CLIENT]: Skipping file {[0:crafttweaker]: betterwithmods.zs} as we are currently loading with a different loader
[PREINITIALIZATION][CLIENT][INFO] [contenttweaker | SIDE_CLIENT]: Skipping file {[0:crafttweaker]: bibliocraft.zs} as we are currently loading with a different loader
[PREINITIALIZATION][CLIENT][INFO] [contenttweaker | SIDE_CLIENT]: Skipping file {[0:crafttweaker]: charcoalpit.zs} as we are currently loading with a different loader
[PREINITIALIZATION][CLIENT][INFO] [contenttweaker | SIDE_CLIENT]: Loading Script: {[0:contenttweaker]: contenttweaker.zs}
[PREINITIALIZATION][CLIENT][INFO] [contenttweaker | SIDE_CLIENT]: Skipping file {[0:crafttweaker]: cuisine.zs} as we are currently loading with a different loader
[PREINITIALIZATION][CLIENT][INFO] [contenttweaker | SIDE_CLIENT]: Skipping file {[0:crafttweaker]: gameplay.zs} as we are currently loading with a different loader
[PREINITIALIZATION][CLIENT][INFO] [contenttweaker | SIDE_CLIENT]: Skipping file {[0:crafttweaker]: gamestages.zs} as we are currently loading with a different loader
[PREINITIALIZATION][CLIENT][INFO] [contenttweaker | SIDE_CLIENT]: Skipping file {[0:crafttweaker]: horsepower.zs} as we are currently loading with a different loader
[PREINITIALIZATION][CLIENT][INFO] [contenttweaker | SIDE_CLIENT]: Skipping file {[0:crafttweaker]: jei.zs} as we are currently loading with a different loader
[PREINITIALIZATION][CLIENT][INFO] [contenttweaker | SIDE_CLIENT]: Skipping file {[0:crafttweaker]: rustic.zs} as we are currently loading with a different loader
[PREINITIALIZATION][CLIENT][INFO] [contenttweaker | SIDE_CLIENT]: Skipping file {[0:crafttweaker]: soulus.zs} as we are currently loading with a different loader
[PREINITIALIZATION][CLIENT][INFO] [contenttweaker | SIDE_CLIENT]: Skipping file {[0:crafttweaker]: thaumcraft.zs} as we are currently loading with a different loader
[PREINITIALIZATION][CLIENT][INFO] [contenttweaker | SIDE_CLIENT]: Skipping file {[0:crafttweaker]: thebetweenlands.zs} as we are currently loading with a different loader
[PREINITIALIZATION][CLIENT][INFO] [contenttweaker | SIDE_CLIENT]: Skipping file {[0:crafttweaker]: tinkersforging.zs} as we are currently loading with a different loader
[PREINITIALIZATION][CLIENT][INFO] [contenttweaker | SIDE_CLIENT]: Skipping file {[0:crafttweaker]: toughasnails.zs} as we are currently loading with a different loader
[PREINITIALIZATION][CLIENT][INFO] Completed script loading in: 300ms
[INITIALIZATION][CLIENT][INFO] CraftTweaker: Building registry
[INITIALIZATION][CLIENT][INFO] CraftTweaker: Successfully built item registry
[INITIALIZATION][CLIENT][INFO] Current loaders after merging: [[preinit], [contenttweaker], [recipeevent | crafttweaker]]
[INITIALIZATION][CLIENT][INFO] Loading scripts for loader with names [crafttweaker | recipeevent]
[INITIALIZATION][CLIENT][INFO] [crafttweaker | SIDE_CLIENT]: Loading Script: {[999:crafttweaker]: globals.zs}
[INITIALIZATION][CLIENT][INFO] Copying contents of ore dictionary entry toolAxe to toolHatchet
[INITIALIZATION][CLIENT][INFO] [crafttweaker | SIDE_CLIENT]: Loading Script: {[0:crafttweaker]: aquaculture.zs}
[INITIALIZATION][CLIENT][INFO] [crafttweaker | SIDE_CLIENT]: Loading Script: {[0:crafttweaker]: artisanworktables.zs}
[INITIALIZATION][CLIENT][INFO] [crafttweaker | SIDE_CLIENT]: Loading Script: {[0:crafttweaker]: baskets.zs}
[INITIALIZATION][CLIENT][INFO] [crafttweaker | SIDE_CLIENT]: Loading Script: {[0:crafttweaker]: betterwithmods.zs}
[INITIALIZATION][CLIENT][INFO] Adding Cut Leather to ore dictionary entry leatherSheet
[INITIALIZATION][CLIENT][INFO] [crafttweaker | SIDE_CLIENT]: Loading Script: {[0:crafttweaker]: bibliocraft.zs}
[INITIALIZATION][CLIENT][INFO] [crafttweaker | SIDE_CLIENT]: Loading Script: {[0:crafttweaker]: charcoalpit.zs}
[INITIALIZATION][CLIENT][INFO] [crafttweaker | SIDE_CLIENT]: Skipping file {[0:contenttweaker]: contenttweaker.zs} as we are currently loading with a different loader
[INITIALIZATION][CLIENT][INFO] [crafttweaker | SIDE_CLIENT]: Loading Script: {[0:crafttweaker]: cuisine.zs}
[INITIALIZATION][CLIENT][INFO] [crafttweaker | SIDE_CLIENT]: Loading Script: {[0:crafttweaker]: gameplay.zs}
[INITIALIZATION][CLIENT][INFO] Setting max damage of  Wooden Pickaxe to 1
[INITIALIZATION][CLIENT][INFO] Setting max damage of  Wooden Axe to 0
[INITIALIZATION][CLIENT][INFO] [crafttweaker | SIDE_CLIENT]: Loading Script: {[0:crafttweaker]: gamestages.zs}
[INITIALIZATION][CLIENT][INFO] [crafttweaker | SIDE_CLIENT]: Loading Script: {[0:crafttweaker]: horsepower.zs}
[INITIALIZATION][CLIENT][INFO] [crafttweaker | SIDE_CLIENT]: Loading Script: {[0:crafttweaker]: jei.zs}
[INITIALIZATION][CLIENT][INFO] [crafttweaker | SIDE_CLIENT]: Loading Script: {[0:crafttweaker]: rustic.zs}
[INITIALIZATION][CLIENT][INFO] [crafttweaker | SIDE_CLIENT]: Loading Script: {[0:crafttweaker]: soulus.zs}
[INITIALIZATION][CLIENT][INFO] [crafttweaker | SIDE_CLIENT]: Loading Script: {[0:crafttweaker]: thaumcraft.zs}
[INITIALIZATION][CLIENT][INFO] [crafttweaker | SIDE_CLIENT]: Loading Script: {[0:crafttweaker]: thebetweenlands.zs}
[INITIALIZATION][CLIENT][INFO] [crafttweaker | SIDE_CLIENT]: Loading Script: {[0:crafttweaker]: tinkersforging.zs}
[INITIALIZATION][CLIENT][INFO] Adding heat registry for item.ingot_dawnstone

[INITIALIZATION][CLIENT][INFO] Adding Anvil recipe for {id:"contenttweaker:copper_adze_part",Count:1b,Damage:0s}

[INITIALIZATION][CLIENT][INFO] Adding Anvil recipe for {id:"contenttweaker:copper_adze_part",Count:1b,Damage:0s}

[INITIALIZATION][CLIENT][INFO] Adding Anvil recipe for {id:"contenttweaker:tin_adze_part",Count:1b,Damage:0s}

[INITIALIZATION][CLIENT][INFO] Adding Anvil recipe for {id:"contenttweaker:tin_adze_part",Count:1b,Damage:0s}

[INITIALIZATION][CLIENT][INFO] Adding Anvil recipe for {id:"contenttweaker:lead_adze_part",Count:1b,Damage:0s}

[INITIALIZATION][CLIENT][INFO] Adding Anvil recipe for {id:"contenttweaker:lead_adze_part",Count:1b,Damage:0s}

[INITIALIZATION][CLIENT][INFO] Adding Anvil recipe for {id:"contenttweaker:iron_adze_part",Count:1b,Damage:0s}

[INITIALIZATION][CLIENT][INFO] Adding Anvil recipe for {id:"contenttweaker:gold_adze_part",Count:1b,Damage:0s}

[INITIALIZATION][CLIENT][INFO] Adding Anvil recipe for {id:"contenttweaker:silver_adze_part",Count:1b,Damage:0s}

[INITIALIZATION][CLIENT][INFO] Adding Anvil recipe for {id:"contenttweaker:silver_adze_part",Count:1b,Damage:0s}

[INITIALIZATION][CLIENT][INFO] Adding Anvil recipe for {id:"contenttweaker:dawnstone_adze_part",Count:1b,Damage:0s}

[INITIALIZATION][CLIENT][INFO] Adding Anvil recipe for {id:"contenttweaker:bronze_adze_part",Count:1b,Damage:0s}

[INITIALIZATION][CLIENT][INFO] Adding Anvil recipe for {id:"contenttweaker:bronze_adze_part",Count:1b,Damage:0s}

[INITIALIZATION][CLIENT][INFO] Adding Anvil recipe for {id:"contenttweaker:copper_basic_pickaxe_part",Count:1b,Damage:0s}

[INITIALIZATION][CLIENT][INFO] Adding Anvil recipe for {id:"contenttweaker:copper_basic_pickaxe_part",Count:1b,Damage:0s}

[INITIALIZATION][CLIENT][INFO] Adding Anvil recipe for {id:"contenttweaker:tin_basic_pickaxe_part",Count:1b,Damage:0s}

[INITIALIZATION][CLIENT][INFO] Adding Anvil recipe for {id:"contenttweaker:tin_basic_pickaxe_part",Count:1b,Damage:0s}

[INITIALIZATION][CLIENT][INFO] Adding Anvil recipe for {id:"contenttweaker:lead_basic_pickaxe_part",Count:1b,Damage:0s}

[INITIALIZATION][CLIENT][INFO] Adding Anvil recipe for {id:"contenttweaker:lead_basic_pickaxe_part",Count:1b,Damage:0s}

[INITIALIZATION][CLIENT][INFO] Adding Anvil recipe for {id:"contenttweaker:iron_basic_pickaxe_part",Count:1b,Damage:0s}

[INITIALIZATION][CLIENT][INFO] Adding Anvil recipe for {id:"contenttweaker:gold_basic_pickaxe_part",Count:1b,Damage:0s}

[INITIALIZATION][CLIENT][INFO] Adding Anvil recipe for {id:"contenttweaker:silver_basic_pickaxe_part",Count:1b,Damage:0s}

[INITIALIZATION][CLIENT][INFO] Adding Anvil recipe for {id:"contenttweaker:silver_basic_pickaxe_part",Count:1b,Damage:0s}

[INITIALIZATION][CLIENT][INFO] Adding Anvil recipe for {id:"contenttweaker:dawnstone_basic_pickaxe_part",Count:1b,Damage:0s}

[INITIALIZATION][CLIENT][INFO] Adding Anvil recipe for {id:"contenttweaker:bronze_basic_pickaxe_part",Count:1b,Damage:0s}

[INITIALIZATION][CLIENT][INFO] Adding Anvil recipe for {id:"contenttweaker:bronze_basic_pickaxe_part",Count:1b,Damage:0s}

[INITIALIZATION][CLIENT][INFO] Adding Anvil recipe for {id:"contenttweaker:copper_basic_axe_part",Count:1b,Damage:0s}

[INITIALIZATION][CLIENT][INFO] Adding Anvil recipe for {id:"contenttweaker:copper_basic_axe_part",Count:1b,Damage:0s}

[INITIALIZATION][CLIENT][INFO] Adding Anvil recipe for {id:"contenttweaker:tin_basic_axe_part",Count:1b,Damage:0s}

[INITIALIZATION][CLIENT][INFO] Adding Anvil recipe for {id:"contenttweaker:tin_basic_axe_part",Count:1b,Damage:0s}

[INITIALIZATION][CLIENT][INFO] Adding Anvil recipe for {id:"contenttweaker:lead_basic_axe_part",Count:1b,Damage:0s}

[INITIALIZATION][CLIENT][INFO] Adding Anvil recipe for {id:"contenttweaker:lead_basic_axe_part",Count:1b,Damage:0s}

[INITIALIZATION][CLIENT][INFO] Adding Anvil recipe for {id:"contenttweaker:iron_basic_axe_part",Count:1b,Damage:0s}

[INITIALIZATION][CLIENT][INFO] Adding Anvil recipe for {id:"contenttweaker:gold_basic_axe_part",Count:1b,Damage:0s}

[INITIALIZATION][CLIENT][INFO] Adding Anvil recipe for {id:"contenttweaker:silver_basic_axe_part",Count:1b,Damage:0s}

[INITIALIZATION][CLIENT][INFO] Adding Anvil recipe for {id:"contenttweaker:silver_basic_axe_part",Count:1b,Damage:0s}

[INITIALIZATION][CLIENT][INFO] Adding Anvil recipe for {id:"contenttweaker:dawnstone_basic_axe_part",Count:1b,Damage:0s}

[INITIALIZATION][CLIENT][INFO] Adding Anvil recipe for {id:"contenttweaker:bronze_basic_axe_part",Count:1b,Damage:0s}

[INITIALIZATION][CLIENT][INFO] Adding Anvil recipe for {id:"contenttweaker:bronze_basic_axe_part",Count:1b,Damage:0s}

[INITIALIZATION][CLIENT][INFO] Adding Anvil recipe for {id:"contenttweaker:copper_hoe_part",Count:1b,Damage:0s}

[INITIALIZATION][CLIENT][INFO] Adding Anvil recipe for {id:"contenttweaker:copper_hoe_part",Count:1b,Damage:0s}

[INITIALIZATION][CLIENT][INFO] Adding Anvil recipe for {id:"contenttweaker:tin_hoe_part",Count:1b,Damage:0s}

[INITIALIZATION][CLIENT][INFO] Adding Anvil recipe for {id:"contenttweaker:tin_hoe_part",Count:1b,Damage:0s}

[INITIALIZATION][CLIENT][INFO] Adding Anvil recipe for {id:"contenttweaker:lead_hoe_part",Count:1b,Damage:0s}

[INITIALIZATION][CLIENT][INFO] Adding Anvil recipe for {id:"contenttweaker:lead_hoe_part",Count:1b,Damage:0s}

[INITIALIZATION][CLIENT][INFO] Adding Anvil recipe for {id:"contenttweaker:iron_hoe_part",Count:1b,Damage:0s}

[INITIALIZATION][CLIENT][INFO] Adding Anvil recipe for {id:"contenttweaker:gold_hoe_part",Count:1b,Damage:0s}

[INITIALIZATION][CLIENT][INFO] Adding Anvil recipe for {id:"contenttweaker:silver_hoe_part",Count:1b,Damage:0s}

[INITIALIZATION][CLIENT][INFO] Adding Anvil recipe for {id:"contenttweaker:silver_hoe_part",Count:1b,Damage:0s}

[INITIALIZATION][CLIENT][INFO] Adding Anvil recipe for {id:"contenttweaker:dawnstone_hoe_part",Count:1b,Damage:0s}

[INITIALIZATION][CLIENT][INFO] Adding Anvil recipe for {id:"contenttweaker:bronze_hoe_part",Count:1b,Damage:0s}

[INITIALIZATION][CLIENT][INFO] Adding Anvil recipe for {id:"contenttweaker:bronze_hoe_part",Count:1b,Damage:0s}

[INITIALIZATION][CLIENT][INFO] Adding Anvil recipe for {id:"contenttweaker:copper_machete_part",Count:1b,Damage:0s}

[INITIALIZATION][CLIENT][INFO] Adding Anvil recipe for {id:"contenttweaker:copper_machete_part",Count:1b,Damage:0s}

[INITIALIZATION][CLIENT][INFO] Adding Anvil recipe for {id:"contenttweaker:tin_machete_part",Count:1b,Damage:0s}

[INITIALIZATION][CLIENT][INFO] Adding Anvil recipe for {id:"contenttweaker:tin_machete_part",Count:1b,Damage:0s}

[INITIALIZATION][CLIENT][INFO] Adding Anvil recipe for {id:"contenttweaker:lead_machete_part",Count:1b,Damage:0s}

[INITIALIZATION][CLIENT][INFO] Adding Anvil recipe for {id:"contenttweaker:lead_machete_part",Count:1b,Damage:0s}

[INITIALIZATION][CLIENT][INFO] Adding Anvil recipe for {id:"contenttweaker:iron_machete_part",Count:1b,Damage:0s}

[INITIALIZATION][CLIENT][INFO] Adding Anvil recipe for {id:"contenttweaker:gold_machete_part",Count:1b,Damage:0s}

[INITIALIZATION][CLIENT][INFO] Adding Anvil recipe for {id:"contenttweaker:silver_machete_part",Count:1b,Damage:0s}

[INITIALIZATION][CLIENT][INFO] Adding Anvil recipe for {id:"contenttweaker:silver_machete_part",Count:1b,Damage:0s}

[INITIALIZATION][CLIENT][INFO] Adding Anvil recipe for {id:"contenttweaker:dawnstone_machete_part",Count:1b,Damage:0s}

[INITIALIZATION][CLIENT][INFO] Adding Anvil recipe for {id:"contenttweaker:bronze_machete_part",Count:1b,Damage:0s}

[INITIALIZATION][CLIENT][INFO] Adding Anvil recipe for {id:"contenttweaker:bronze_machete_part",Count:1b,Damage:0s}

[INITIALIZATION][CLIENT][INFO] Adding Anvil recipe for {id:"contenttweaker:copper_sickle_part",Count:1b,Damage:0s}

[INITIALIZATION][CLIENT][INFO] Adding Anvil recipe for {id:"contenttweaker:copper_sickle_part",Count:1b,Damage:0s}

[INITIALIZATION][CLIENT][INFO] Adding Anvil recipe for {id:"contenttweaker:tin_sickle_part",Count:1b,Damage:0s}

[INITIALIZATION][CLIENT][INFO] Adding Anvil recipe for {id:"contenttweaker:tin_sickle_part",Count:1b,Damage:0s}

[INITIALIZATION][CLIENT][INFO] Adding Anvil recipe for {id:"contenttweaker:lead_sickle_part",Count:1b,Damage:0s}

[INITIALIZATION][CLIENT][INFO] Adding Anvil recipe for {id:"contenttweaker:lead_sickle_part",Count:1b,Damage:0s}

[INITIALIZATION][CLIENT][INFO] Adding Anvil recipe for {id:"contenttweaker:iron_sickle_part",Count:1b,Damage:0s}

[INITIALIZATION][CLIENT][INFO] Adding Anvil recipe for {id:"contenttweaker:gold_sickle_part",Count:1b,Damage:0s}

[INITIALIZATION][CLIENT][INFO] Adding Anvil recipe for {id:"contenttweaker:silver_sickle_part",Count:1b,Damage:0s}

[INITIALIZATION][CLIENT][INFO] Adding Anvil recipe for {id:"contenttweaker:silver_sickle_part",Count:1b,Damage:0s}

[INITIALIZATION][CLIENT][INFO] Adding Anvil recipe for {id:"contenttweaker:dawnstone_sickle_part",Count:1b,Damage:0s}

[INITIALIZATION][CLIENT][INFO] Adding Anvil recipe for {id:"contenttweaker:bronze_sickle_part",Count:1b,Damage:0s}

[INITIALIZATION][CLIENT][INFO] Adding Anvil recipe for {id:"contenttweaker:bronze_sickle_part",Count:1b,Damage:0s}

[INITIALIZATION][CLIENT][INFO] Adding Anvil recipe for {id:"contenttweaker:copper_basic_blade_part",Count:1b,Damage:0s}

[INITIALIZATION][CLIENT][INFO] Adding Anvil recipe for {id:"contenttweaker:copper_basic_blade_part",Count:1b,Damage:0s}

[INITIALIZATION][CLIENT][INFO] Adding Anvil recipe for {id:"contenttweaker:tin_basic_blade_part",Count:1b,Damage:0s}

[INITIALIZATION][CLIENT][INFO] Adding Anvil recipe for {id:"contenttweaker:tin_basic_blade_part",Count:1b,Damage:0s}

[INITIALIZATION][CLIENT][INFO] Adding Anvil recipe for {id:"contenttweaker:lead_basic_blade_part",Count:1b,Damage:0s}

[INITIALIZATION][CLIENT][INFO] Adding Anvil recipe for {id:"contenttweaker:lead_basic_blade_part",Count:1b,Damage:0s}

[INITIALIZATION][CLIENT][INFO] Adding Anvil recipe for {id:"contenttweaker:iron_basic_blade_part",Count:1b,Damage:0s}

[INITIALIZATION][CLIENT][INFO] Adding Anvil recipe for {id:"contenttweaker:gold_basic_blade_part",Count:1b,Damage:0s}

[INITIALIZATION][CLIENT][INFO] Adding Anvil recipe for {id:"contenttweaker:silver_basic_blade_part",Count:1b,Damage:0s}

[INITIALIZATION][CLIENT][INFO] Adding Anvil recipe for {id:"contenttweaker:silver_basic_blade_part",Count:1b,Damage:0s}

[INITIALIZATION][CLIENT][INFO] Adding Anvil recipe for {id:"contenttweaker:dawnstone_basic_blade_part",Count:1b,Damage:0s}

[INITIALIZATION][CLIENT][INFO] Adding Anvil recipe for {id:"contenttweaker:bronze_basic_blade_part",Count:1b,Damage:0s}

[INITIALIZATION][CLIENT][INFO] Adding Anvil recipe for {id:"contenttweaker:bronze_basic_blade_part",Count:1b,Damage:0s}

[INITIALIZATION][CLIENT][INFO] Adding Anvil recipe for {id:"contenttweaker:copper_heavy_blade_part",Count:1b,Damage:0s}

[INITIALIZATION][CLIENT][INFO] Adding Anvil recipe for {id:"contenttweaker:copper_heavy_blade_part",Count:1b,Damage:0s}

[INITIALIZATION][CLIENT][INFO] Adding Anvil recipe for {id:"contenttweaker:tin_heavy_blade_part",Count:1b,Damage:0s}

[INITIALIZATION][CLIENT][INFO] Adding Anvil recipe for {id:"contenttweaker:tin_heavy_blade_part",Count:1b,Damage:0s}

[INITIALIZATION][CLIENT][INFO] Adding Anvil recipe for {id:"contenttweaker:lead_heavy_blade_part",Count:1b,Damage:0s}

[INITIALIZATION][CLIENT][INFO] Adding Anvil recipe for {id:"contenttweaker:lead_heavy_blade_part",Count:1b,Damage:0s}

[INITIALIZATION][CLIENT][INFO] Adding Anvil recipe for {id:"contenttweaker:iron_heavy_blade_part",Count:1b,Damage:0s}

[INITIALIZATION][CLIENT][INFO] Adding Anvil recipe for {id:"contenttweaker:gold_heavy_blade_part",Count:1b,Damage:0s}

[INITIALIZATION][CLIENT][INFO] Adding Anvil recipe for {id:"contenttweaker:silver_heavy_blade_part",Count:1b,Damage:0s}

[INITIALIZATION][CLIENT][INFO] Adding Anvil recipe for {id:"contenttweaker:silver_heavy_blade_part",Count:1b,Damage:0s}

[INITIALIZATION][CLIENT][INFO] Adding Anvil recipe for {id:"contenttweaker:dawnstone_heavy_blade_part",Count:1b,Damage:0s}

[INITIALIZATION][CLIENT][INFO] Adding Anvil recipe for {id:"contenttweaker:bronze_heavy_blade_part",Count:1b,Damage:0s}

[INITIALIZATION][CLIENT][INFO] Adding Anvil recipe for {id:"contenttweaker:bronze_heavy_blade_part",Count:1b,Damage:0s}

[INITIALIZATION][CLIENT][INFO] Adding Anvil recipe for {id:"contenttweaker:copper_short_blade_part",Count:1b,Damage:0s}

[INITIALIZATION][CLIENT][INFO] Adding Anvil recipe for {id:"contenttweaker:copper_short_blade_part",Count:1b,Damage:0s}

[INITIALIZATION][CLIENT][INFO] Adding Anvil recipe for {id:"contenttweaker:tin_short_blade_part",Count:1b,Damage:0s}

[INITIALIZATION][CLIENT][INFO] Adding Anvil recipe for {id:"contenttweaker:tin_short_blade_part",Count:1b,Damage:0s}

[INITIALIZATION][CLIENT][INFO] Adding Anvil recipe for {id:"contenttweaker:lead_short_blade_part",Count:1b,Damage:0s}

[INITIALIZATION][CLIENT][INFO] Adding Anvil recipe for {id:"contenttweaker:lead_short_blade_part",Count:1b,Damage:0s}

[INITIALIZATION][CLIENT][INFO] Adding Anvil recipe for {id:"contenttweaker:iron_short_blade_part",Count:1b,Damage:0s}

[INITIALIZATION][CLIENT][INFO] Adding Anvil recipe for {id:"contenttweaker:gold_short_blade_part",Count:1b,Damage:0s}

[INITIALIZATION][CLIENT][INFO] Adding Anvil recipe for {id:"contenttweaker:silver_short_blade_part",Count:1b,Damage:0s}

[INITIALIZATION][CLIENT][INFO] Adding Anvil recipe for {id:"contenttweaker:silver_short_blade_part",Count:1b,Damage:0s}

[INITIALIZATION][CLIENT][INFO] Adding Anvil recipe for {id:"contenttweaker:dawnstone_short_blade_part",Count:1b,Damage:0s}

[INITIALIZATION][CLIENT][INFO] Adding Anvil recipe for {id:"contenttweaker:bronze_short_blade_part",Count:1b,Damage:0s}

[INITIALIZATION][CLIENT][INFO] Adding Anvil recipe for {id:"contenttweaker:bronze_short_blade_part",Count:1b,Damage:0s}

[INITIALIZATION][CLIENT][INFO] [crafttweaker | SIDE_CLIENT]: Loading Script: {[0:crafttweaker]: toughasnails.zs}
[INITIALIZATION][CLIENT][INFO] Completed script loading in: 1664ms
[POSTINITIALIZATION][CLIENT][INFO] Removing recipe with name "aquaculture:bonemeal_from_fish_bones"
[POSTINITIALIZATION][CLIENT][INFO] Removing all occurences of ingredient: <minecraft:flint:*> and replacing them with <ore:toolHatchet>
[POSTINITIALIZATION][CLIENT][INFO] Adding shaped recipe for Small Wicker Basket with name custom_basket_small
[POSTINITIALIZATION][CLIENT][INFO] Adding shaped recipe for Medium Wicker Basket with name custom_basket_medium
[POSTINITIALIZATION][CLIENT][INFO] Adding shaped recipe for Large Wicker Basket with name custom_basket_large
[POSTINITIALIZATION][CLIENT][INFO] Adding shaped recipe for Small Wicker with name custom_wicker_small
[POSTINITIALIZATION][CLIENT][INFO] Adding shaped recipe for Medium Wicker with name custom_wicker_medium
[POSTINITIALIZATION][CLIENT][INFO] Adding shaped recipe for Large Wicker with name custom_wicker_large
[POSTINITIALIZATION][CLIENT][INFO] Adding shaped recipe for Wooden Handle with name cuisine_handle
[POSTINITIALIZATION][CLIENT][INFO] Adding shapeless recipe for Stick with name twig_to_stick
[POSTINITIALIZATION][CLIENT][INFO] Adding shapeless recipe for Flint with name gravel_to_flint
[POSTINITIALIZATION][CLIENT][INFO] Adding shaped recipe for Chopping Block with name horsepower-manual_chopping-modified
[POSTINITIALIZATION][CLIENT][INFO] Removing furnace recipes for: <ore:oreIron>
[POSTINITIALIZATION][CLIENT][INFO] 0 recipes removed for: <ore:oreIron>
[POSTINITIALIZATION][CLIENT][INFO] Removing furnace recipes for: <ore:oreGold>
[POSTINITIALIZATION][CLIENT][INFO] 0 recipes removed for: <ore:oreGold>
[POSTINITIALIZATION][CLIENT][INFO] Removing furnace recipes for: <ore:oreLead>
[POSTINITIALIZATION][CLIENT][INFO] 0 recipes removed for: <ore:oreLead>
[POSTINITIALIZATION][CLIENT][INFO] Removing furnace recipes for: <ore:oreTin>
[POSTINITIALIZATION][CLIENT][INFO] 0 recipes removed for: <ore:oreTin>
[POSTINITIALIZATION][CLIENT][INFO] Removing furnace recipes for: <ore:oreCopper>
[POSTINITIALIZATION][CLIENT][INFO] 0 recipes removed for: <ore:oreCopper>
[POSTINITIALIZATION][CLIENT][INFO] Removing furnace recipes for: <ore:oreSilver>
[POSTINITIALIZATION][CLIENT][INFO] 0 recipes removed for: <ore:oreSilver>
[POSTINITIALIZATION][CLIENT][INFO] Removing furnace recipes for: <ore:nuggetIron>
[POSTINITIALIZATION][CLIENT][INFO] 3 recipes removed for: <ore:nuggetIron>
[POSTINITIALIZATION][CLIENT][INFO] Removing furnace recipes for: <ore:nuggetGold>
[POSTINITIALIZATION][CLIENT][INFO] 0 recipes removed for: <ore:nuggetGold>
[POSTINITIALIZATION][CLIENT][INFO] Removing furnace recipes for: <ore:nuggetLead>
[POSTINITIALIZATION][CLIENT][INFO] 0 recipes removed for: <ore:nuggetLead>
[POSTINITIALIZATION][CLIENT][INFO] Removing furnace recipes for: <ore:nuggetTin>
[POSTINITIALIZATION][CLIENT][INFO] 1 recipes removed for: <ore:nuggetTin>
[POSTINITIALIZATION][CLIENT][INFO] Removing furnace recipes for: <ore:nuggetCopper>
[POSTINITIALIZATION][CLIENT][INFO] 0 recipes removed for: <ore:nuggetCopper>
[POSTINITIALIZATION][CLIENT][INFO] Removing furnace recipes for: <ore:nuggetSilver>
[POSTINITIALIZATION][CLIENT][INFO] 0 recipes removed for: <ore:nuggetSilver>
[POSTINITIALIZATION][CLIENT][INFO] Removing furnace recipes for: <minecraft:coal:1>
[POSTINITIALIZATION][CLIENT][INFO] 7 recipes removed for: <minecraft:coal:1>
[POSTINITIALIZATION][CLIENT][INFO] Removing furnace recipes for: <ore:ingotIron>
[POSTINITIALIZATION][CLIENT][INFO] 9 recipes removed for: <ore:ingotIron>
[POSTINITIALIZATION][CLIENT][INFO] Removing furnace recipes for: <ore:ingotGold>
[POSTINITIALIZATION][CLIENT][INFO] 4 recipes removed for: <ore:ingotGold>
[POSTINITIALIZATION][CLIENT][INFO] Removing furnace recipes for: <ore:ingotLead>
[POSTINITIALIZATION][CLIENT][INFO] 4 recipes removed for: <ore:ingotLead>
[POSTINITIALIZATION][CLIENT][INFO] Removing furnace recipes for: <ore:ingotTin>
[POSTINITIALIZATION][CLIENT][INFO] 4 recipes removed for: <ore:ingotTin>
[POSTINITIALIZATION][CLIENT][INFO] Removing furnace recipes for: <ore:ingotCopper>
[POSTINITIALIZATION][CLIENT][INFO] 4 recipes removed for: <ore:ingotCopper>
[POSTINITIALIZATION][CLIENT][INFO] Removing furnace recipes for: <ore:ingotSilver>
[POSTINITIALIZATION][CLIENT][INFO] 4 recipes removed for: <ore:ingotSilver>
[POSTINITIALIZATION][CLIENT][INFO] Removing furnace recipes for: <minecraft:glass>
[POSTINITIALIZATION][CLIENT][INFO] 2 recipes removed for: <minecraft:glass>
[POSTINITIALIZATION][CLIENT][INFO] Removing furnace recipes for: <minecraft:iron_nugget>
[POSTINITIALIZATION][CLIENT][INFO] 0 recipes removed for: <minecraft:iron_nugget>
[POSTINITIALIZATION][CLIENT][INFO] Adding seed entry <minecraft:stick>
[POSTINITIALIZATION][CLIENT][INFO] Adding seed entry <minecraft:flint>
[POSTINITIALIZATION][CLIENT][INFO] Altering RecipeWorktable Recipe(s) for "chef"
[POSTINITIALIZATION][CLIENT][INFO] Altering RecipeWorktable Recipe(s) for "chef"
[POSTINITIALIZATION][CLIENT][INFO] Altering RecipeWorktable Recipe(s) for "chef"
[POSTINITIALIZATION][CLIENT][INFO] Altering RecipeWorktable Recipe(s) for "chef"
[POSTINITIALIZATION][CLIENT][INFO] Altering RecipeWorktable Recipe(s) for "chef"
[POSTINITIALIZATION][CLIENT][INFO] Altering RecipeWorktable Recipe(s) for "chef"
[POSTINITIALIZATION][CLIENT][INFO] Altering RecipeWorktable Recipe(s) for "chef"
[POSTINITIALIZATION][CLIENT][INFO] Altering RecipeWorktable Recipe(s) for "chef"
[POSTINITIALIZATION][CLIENT][INFO] Altering RecipeWorktable Recipe(s) for "chef"
[POSTINITIALIZATION][CLIENT][INFO] Altering RecipeWorktable Recipe(s) for "chef"
[POSTINITIALIZATION][CLIENT][INFO] Altering RecipeWorktable Recipe(s) for "chef"
[POSTINITIALIZATION][CLIENT][INFO] Altering RecipeWorktable Recipe(s) for "chef"
[POSTINITIALIZATION][CLIENT][INFO] Altering RecipeWorktable Recipe(s) for "chef"
[POSTINITIALIZATION][CLIENT][INFO] Altering RecipeWorktable Recipe(s) for "chef"
[POSTINITIALIZATION][CLIENT][INFO] Altering RecipeWorktable Recipe(s) for "chef"
[POSTINITIALIZATION][CLIENT][INFO] Altering RecipeWorktable Recipe(s) for "chef"
[POSTINITIALIZATION][CLIENT][INFO] Altering RecipeWorktable Recipe(s) for "chef"
[POSTINITIALIZATION][CLIENT][INFO] Altering RecipeWorktable Recipe(s) for "chef"
[POSTINITIALIZATION][CLIENT][INFO] Altering RecipeWorktable Recipe(s) for "chef"
[POSTINITIALIZATION][CLIENT][INFO] Altering RecipeWorktable Recipe(s) for "chef"
[POSTINITIALIZATION][CLIENT][INFO] Altering RecipeWorktable Recipe(s) for "chef"
[POSTINITIALIZATION][CLIENT][INFO] Altering RecipeWorktable Recipe(s) for "chef"
[POSTINITIALIZATION][CLIENT][INFO] Altering RecipeWorktable Recipe(s) for "chef"
[POSTINITIALIZATION][CLIENT][INFO] Altering RecipeWorktable Recipe(s) for "chef"
[POSTINITIALIZATION][CLIENT][INFO] Altering RecipeWorktable Recipe(s) for "chef"
[POSTINITIALIZATION][CLIENT][INFO] Altering RecipeWorktable Recipe(s) for "chef"
[POSTINITIALIZATION][CLIENT][INFO] Altering RecipeWorktable Recipe(s) for "chef"
[POSTINITIALIZATION][CLIENT][INFO] Altering RecipeWorktable Recipe(s) for "chef"
[POSTINITIALIZATION][CLIENT][INFO] Altering RecipeWorktable Recipe(s) for "chef"
[POSTINITIALIZATION][CLIENT][INFO] Altering RecipeWorktable Recipe(s) for "chef"
[POSTINITIALIZATION][CLIENT][INFO] Altering RecipeWorktable Recipe(s) for "chef"
[POSTINITIALIZATION][CLIENT][INFO] Altering RecipeWorktable Recipe(s) for "chef"
[POSTINITIALIZATION][CLIENT][INFO] Altering RecipeWorktable Recipe(s) for "chef"
[POSTINITIALIZATION][CLIENT][INFO] Altering RecipeWorktable Recipe(s) for "chef"
[POSTINITIALIZATION][CLIENT][INFO] Altering RecipeWorktable Recipe(s) for "chef"
[POSTINITIALIZATION][CLIENT][INFO] Altering RecipeWorktable Recipe(s) for "chef"
[POSTINITIALIZATION][CLIENT][INFO] Altering RecipeWorktable Recipe(s) for "chef"
[POSTINITIALIZATION][CLIENT][INFO] Altering RecipeWorktable Recipe(s) for "chef"
[POSTINITIALIZATION][CLIENT][INFO] Altering RecipeWorktable Recipe(s) for "chef"
[POSTINITIALIZATION][CLIENT][INFO] Altering RecipeWorktable Recipe(s) for "chef"
[POSTINITIALIZATION][CLIENT][INFO] Adding chopping recipe for <ore:plankWood>
[AVAILABLE][CLIENT][INFO] Hiding item in JEI: <basketcase:item_cordage>
[AVAILABLE][CLIENT][INFO] Hiding item in JEI: <basketcase:log_stripped_spruce>
[AVAILABLE][CLIENT][INFO] Hiding item in JEI: <basketcase:log_stripped_oak>
[AVAILABLE][CLIENT][INFO] Hiding item in JEI: <basketcase:log_stripped_acacia>
[AVAILABLE][CLIENT][INFO] Hiding item in JEI: <basketcase:log_stripped_birch>
[AVAILABLE][CLIENT][INFO] Hiding item in JEI: <basketcase:log_stripped_dark_oak>
[AVAILABLE][CLIENT][INFO] Hiding item in JEI: <basketcase:log_stripped_jungle>
[AVAILABLE][CLIENT][INFO] Hiding item in JEI: <basketcase:item_bark_oak>
[AVAILABLE][CLIENT][INFO] Hiding item in JEI: <basketcase:item_bark_spruce>
[AVAILABLE][CLIENT][INFO] Hiding item in JEI: <basketcase:item_bark_dark_oak>
[AVAILABLE][CLIENT][INFO] Hiding item in JEI: <basketcase:item_bark_acacia>
[AVAILABLE][CLIENT][INFO] Hiding item in JEI: <basketcase:item_bark_jungle>
[AVAILABLE][CLIENT][INFO] Hiding item in JEI: <basketcase:item_bark_birch>
[AVAILABLE][CLIENT][INFO] Hiding item in JEI: <basketcase:item_plant_fiber>
[AVAILABLE][CLIENT][INFO] Hiding item in JEI: <basketcase:item_bark_strips>
[AVAILABLE][CLIENT][INFO] Hiding item in JEI: <basketcase:item_twig>
[AVAILABLE][CLIENT][INFO] Hiding item in JEI: <rustic:evaporating_basin>
[AVAILABLE][CLIENT][INFO] Hiding item in JEI: <rustic:fertile_soil>
[AVAILABLE][CLIENT][INFO] Hiding item in JEI: <soulus:barket>
[SERVER_STARTED][CLIENT][INFO] Fixed the RecipeBook
